make.exe all -C d:\omnetTests\Networksss\make --print-data-base --no-builtin-variables --no-builtin-rules --question
# GNU Make 3.81
# Copyright (C) 2006  Free Software Foundation, Inc.
# This is free software; see the source for copying conditions.
# There is NO warranty; not even for MERCHANTABILITY or FITNESS FOR A
# PARTICULAR PURPOSE.

# This program built for i386-pc-mingw32

# Make data base, printed on Wed Dec 11 17:02:53 2024

# Variables

# environment
WSLENV = BASH_ENV/u
# environment
VSCODE_CRASH_REPORTER_PROCESS_TYPE = extensionHost
# environment
HOMEDRIVE = C:
# environment
C:\PROGRAM FILES\PYTHON312\PYTHON.EXE = Python
# environment
WINDIR = C:\WINDOWS
# environment
VSCODE_NLS_CONFIG = {"userLocale":"en-us","osLocale":"en-us","resolvedLanguage":"en","defaultMessagesFile":"C:\\Users\\ADMIN\\AppData\\Local\\Programs\\Microsoft VS Code\\resources\\app\\out\\nls.messages.json","locale":"en-us","availableLanguages":{}}
# environment
NVM_HOME = C:\Users\ADMIN\AppData\Roaming\nvm
# environment
QSYS_ROOTDIR = D:\intelFPGA\quartus\sopc_builder\bin
# environment
VSCODE_PID = 13976
# environment
PATHEXT = .COM;.EXE;.BAT;.CMD;.VBS;.VBE;.JS;.JSE;.WSF;.WSH;.MSC;.PY;.PYW
# environment
TMP = C:\Users\ADMIN\AppData\Local\Temp
# environment
PROGRAMW6432 = C:\Program Files
# environment
NVM_SYMLINK = C:\Program Files\nodejs
# environment
PROGRAMDATA = C:\ProgramData
# environment
VSCODE_CWD = C:\Users\ADMIN\AppData\Local\Programs\Microsoft VS Code
# environment
PATH = D:\VMware\bin\;C:\Program Files\Common Files\Oracle\Java\javapath;C:\Users\ADMIN\FlutterSDK\bin;C:\Program Files\Python312\Scripts\;C:\Program Files\Python312\;C:\Program Files\Microsoft\jdk-11.0.16.101-hotspot\bin;C:\WINDOWS\system32;C:\WINDOWS;C:\WINDOWS\System32\Wbem;C:\WINDOWS\System32\WindowsPowerShell\v1.0\;C:\WINDOWS\System32\OpenSSH\;C:\Program Files (x86)\HP\IdrsOCR_15.2.10.1114\;C:\Program Files\Azure Data Studio\bin;C:\Users\ADMIN\AppData\Roaming\nvm;C:\Program Files\nodejs;C:\ProgramData\chocolatey\bin;D:\Program Files (x86)\Arm ToolChain;C:\Program Files (x86)\GnuWin32\bin;D:\Program Files (x86)\make;D:\Program Files (x86)\New folder\qemu;C:\Program Files\PuTTY\;C:\Program Files (x86)\Windows Kits\10\Windows Performance Toolkit\;C:\Program Files\Microsoft SQL Server\150\Tools\Binn\;C:\Program Files\Microsoft SQL Server\Client SDK\ODBC\170\Tools\Binn\;C:\Program Files\dotnet\;D:\Program Files (x86)\New folder\qemu;C:\Users\ADMIN\AppData\Local\Microsoft\WindowsApps;C:\Users\ADMIN\.dotnet\tools;C:\Program Files\Azure Data Studio\bin;C:\Users\ADMIN\AppData\Local\Programs\Microsoft VS Code\bin;C:\Program Files\JetBrains\PyCharm 2023.3.1\bin;C:\Users\ADMIN\AppData\Local\GitHubDesktop\bin;C:\Program Files\qemu;C:\Users\ADMIN\.vscode\New Folder;C:\Users\ADMIN\AppData\Roaming\nvm;C:\Program Files\nodejs;C:\Users\ADMIN\AppData\Roaming\npm;D:\Program Files (x86)\make;C:\Program Files (x86)\GnuWin32\bin;D:\Program Files (x86)\Arm ToolChain;D:\Program Files\JetBrains\IntelliJ IDEA 2023.3.5\bin;C:\Users\ADMIN\AppData\Local\JetBrains\Toolbox\scripts;C:\Users\ADMIN\.dotnet\tools;D:\Fiddler
# environment
COMMONPROGRAMW6432 = C:\Program Files\Common Files
# environment
VSCODE_DOTNET_INSTALL_TOOL_ORIGINAL_HOME = undefined
# environment
CHOCOLATEYLASTPATHUPDATE = 133478877482197767
# environment
PROCESSOR_ARCHITECTURE = x86
# environment
ONEDRIVE = C:\Users\ADMIN\OneDrive
# environment
MPJ_HOME = C:\MPJ
# environment
USERPROFILE = C:\Users\ADMIN
# environment
BASH_ENV = /etc/bash.bashrc
# environment
ALLUSERSPROFILE = C:\ProgramData
# environment
SOPC_KIT_NIOS2 = D:\intelFPGA\nios2eds
# environment
NUMBER_OF_PROCESSORS = 8
# environment
ELECTRON_RUN_AS_NODE = 1
# default
.FEATURES := target-specific order-only second-expansion else-if archives
# environment
INTELLIJ IDEA = D:\Program Files\JetBrains\IntelliJ IDEA 2023.3.5\bin;
# environment
CHROME_CRASHPAD_PIPE_NAME = \\.\pipe\crashpad_13976_JAGUTEGPFHNSTAGM
# environment
COMPUTERNAME = DESKTOP-6B6KJDA
# environment
PROGRAMFILES = C:\Program Files (x86)
# environment
DRIVERDATA = C:\Windows\System32\Drivers\DriverData
# environment
ORIGINAL_XDG_CURRENT_DESKTOP = undefined
# environment
USERNAME = ADMIN
# environment
PUBLIC = C:\Users\Public
# environment
VSCODE_CODE_CACHE_PATH = C:\Users\ADMIN\AppData\Roaming\Code\CachedData\f1a4fb101478ce6ec82fe9627c43efbf9e98c813
# environment
APPLICATION_INSIGHTS_NO_DIAGNOSTIC_CHANNEL = 1
# environment
COMMONPROGRAMFILES = C:\Program Files (x86)\Common Files
# environment
LOGONSERVER = \\DESKTOP-6B6KJDA
# environment
ONEDRIVECONSUMER = C:\Users\ADMIN\OneDrive
# environment
VSCODE_HANDLES_UNCAUGHT_ERRORS = true
# environment
USERDOMAIN = DESKTOP-6B6KJDA
# default
MAKE = $(MAKE_COMMAND)
# default
MAKECMDGOALS := all
# environment
VSCODE_ESM_ENTRYPOINT = vs/workbench/api/node/extensionHostProcess
# environment
PROGRAMFILES(X86) = C:\Program Files (x86)
# environment
LOCALAPPDATA = C:\Users\ADMIN\AppData\Local
# environment
PSMODULEPATH = C:\Program Files\WindowsPowerShell\Modules;C:\WINDOWS\system32\WindowsPowerShell\v1.0\Modules
# default
MAKE_COMMAND := make.exe
# environment
PROCESSOR_ARCHITEW6432 = AMD64
# default
.VARIABLES := 
# environment
PROCESSOR_IDENTIFIER = Intel64 Family 6 Model 142 Stepping 10, GenuineIntel
# environment
OS = Windows_NT
# environment
VSCODE_IPC_HOOK = \\.\pipe\d6498c3c-1.95.3-main-sock
# environment
HOMEPATH = \Users\ADMIN
# environment
COMMONPROGRAMFILES(X86) = C:\Program Files (x86)\Common Files
# environment
PROMPT = $P$G
# environment
SYSTEMROOT = C:\WINDOWS
# environment
VSCODE_L10N_BUNDLE_LOCATION = 
# environment
APPDATA = C:\Users\ADMIN\AppData\Roaming
# environment
TEMP = C:\Users\ADMIN\AppData\Local\Temp
# environment
COMSPEC = C:\WINDOWS\system32\cmd.exe
# environment
QUARTUS_ROOTDIR = D:\intelFPGA\quartus
# environment
LC_ALL = C
# environment
MSYS64 = C:\msys64\ucrt64\bin
# environment
SYSTEMDRIVE = C:
# environment
SESSIONNAME = Console
# environment
PROCESSOR_REVISION = 8e0a
# environment
PYCHARM = C:\Program Files\JetBrains\PyCharm 2023.3.1\bin;
# environment
LANG = C
# environment
PROCESSOR_LEVEL = 6
# environment
APPLICATIONINSIGHTS_CONFIGURATION_CONTENT = {}
# environment
USERDOMAIN_ROAMINGPROFILE = DESKTOP-6B6KJDA
# variable set hash-table stats:
# Load=75/1024=7%, Rehash=0, Collisions=4/79=5%

# Pattern-specific Variable Values

# No pattern-specific variable values.

# Directories


# No files, no impossibilities in 0 directories.

# Implicit Rules

# No implicit rules.

# Files

# Not a target:
all:
#  Command-line target.
#  Implicit rule search has not been done.
#  Modification time never checked.
#  File has not been updated.

# files hash-table stats:
# Load=1/1024=0%, Rehash=0, Collisions=0/1=0%
# VPATH Search Paths

# No `vpath' search paths.

# No general (`VPATH' variable) search path.

# # of strings in strcache: 0
# # of strcache buffers: 0
# strcache size: total = 0 / max = 0 / min = 4096 / avg = 0
# strcache free: total = 0 / max = 0 / min = 4096 / avg = 0

# Finished Make data base on Wed Dec 11 17:02:53 2024

 
make.exe: *** d:\omnetTests\Networksss\make: No such file or directory.  Stop.

